<?xml version="1.0" encoding="UTF-8"?>
<testsuite xmlns:xsi="http://www.w3.org/2001/XMLSchema-instance" xsi:noNamespaceSchemaLocation="https://maven.apache.org/surefire/maven-surefire-plugin/xsd/surefire-test-report-3.0.xsd" version="3.0" name="edu.upc.etsetb.arqsoft.spreadsheet.marker.LoadTest" time="0.016" tests="1" errors="0" skipped="0" failures="0">
  <properties>
    <property name="java.specification.version" value="21"/>
    <property name="sun.cpu.isalist" value="amd64"/>
    <property name="sun.jnu.encoding" value="Cp1252"/>
    <property name="java.class.path" value="D:\Java Fiverr\Java Task 22\spreadsheetMarkerForStudents (3)\spreadsheetMarkerForStudents\target\test-classes;D:\Java Fiverr\Java Task 22\spreadsheetMarkerForStudents (3)\spreadsheetMarkerForStudents\target\classes;C:\Users\talha\.m2\repository\edu\upc\ac\BaseCorrectorDAC\2022_2023on\BaseCorrectorDAC-2022_2023on.jar;C:\Users\talha\.m2\repository\junit\junit\4.12\junit-4.12.jar;C:\Users\talha\.m2\repository\org\hamcrest\hamcrest-core\1.3\hamcrest-core-1.3.jar;C:\Users\talha\.m2\repository\org\mockito\mockito-core\2.28.2\mockito-core-2.28.2.jar;C:\Users\talha\.m2\repository\net\bytebuddy\byte-buddy\1.9.10\byte-buddy-1.9.10.jar;C:\Users\talha\.m2\repository\net\bytebuddy\byte-buddy-agent\1.9.10\byte-buddy-agent-1.9.10.jar;C:\Users\talha\.m2\repository\org\objenesis\objenesis\2.6\objenesis-2.6.jar;"/>
    <property name="java.vm.vendor" value="Oracle Corporation"/>
    <property name="sun.arch.data.model" value="64"/>
    <property name="user.variant" value=""/>
    <property name="java.vendor.url" value="https://java.oracle.com/"/>
    <property name="user.timezone" value="Asia/Karachi"/>
    <property name="os.name" value="Windows 10"/>
    <property name="java.vm.specification.version" value="21"/>
    <property name="user.country" value="IN"/>
    <property name="sun.java.launcher" value="SUN_STANDARD"/>
    <property name="sun.boot.library.path" value="C:\Program Files\Java\jdk-21\bin"/>
    <property name="sun.java.command" value="C:\Users\talha\AppData\Local\Temp\surefire8193307777630391951\surefirebooter-20240622204629442_3.jar C:\Users\talha\AppData\Local\Temp\surefire8193307777630391951 2024-06-22T20-46-27_666-jvmRun1 surefire-20240622204629442_1tmp surefire_0-20240622204629442_2tmp"/>
    <property name="jdk.debug" value="release"/>
    <property name="surefire.test.class.path" value="D:\Java Fiverr\Java Task 22\spreadsheetMarkerForStudents (3)\spreadsheetMarkerForStudents\target\test-classes;D:\Java Fiverr\Java Task 22\spreadsheetMarkerForStudents (3)\spreadsheetMarkerForStudents\target\classes;C:\Users\talha\.m2\repository\edu\upc\ac\BaseCorrectorDAC\2022_2023on\BaseCorrectorDAC-2022_2023on.jar;C:\Users\talha\.m2\repository\junit\junit\4.12\junit-4.12.jar;C:\Users\talha\.m2\repository\org\hamcrest\hamcrest-core\1.3\hamcrest-core-1.3.jar;C:\Users\talha\.m2\repository\org\mockito\mockito-core\2.28.2\mockito-core-2.28.2.jar;C:\Users\talha\.m2\repository\net\bytebuddy\byte-buddy\1.9.10\byte-buddy-1.9.10.jar;C:\Users\talha\.m2\repository\net\bytebuddy\byte-buddy-agent\1.9.10\byte-buddy-agent-1.9.10.jar;C:\Users\talha\.m2\repository\org\objenesis\objenesis\2.6\objenesis-2.6.jar;"/>
    <property name="sun.cpu.endian" value="little"/>
    <property name="user.home" value="C:\Users\talha"/>
    <property name="user.language" value="en"/>
    <property name="java.specification.vendor" value="Oracle Corporation"/>
    <property name="java.version.date" value="2024-01-16"/>
    <property name="java.home" value="C:\Program Files\Java\jdk-21"/>
    <property name="file.separator" value="\"/>
    <property name="basedir" value="D:\Java Fiverr\Java Task 22\spreadsheetMarkerForStudents (3)\spreadsheetMarkerForStudents"/>
    <property name="java.vm.compressedOopsMode" value="32-bit"/>
    <property name="line.separator" value="&#10;"/>
    <property name="java.vm.specification.vendor" value="Oracle Corporation"/>
    <property name="java.specification.name" value="Java Platform API Specification"/>
    <property name="surefire.real.class.path" value="C:\Users\talha\AppData\Local\Temp\surefire8193307777630391951\surefirebooter-20240622204629442_3.jar"/>
    <property name="user.script" value=""/>
    <property name="sun.management.compiler" value="HotSpot 64-Bit Tiered Compilers"/>
    <property name="java.runtime.version" value="21.0.2+13-LTS-58"/>
    <property name="user.name" value="talha"/>
    <property name="stdout.encoding" value="Cp1252"/>
    <property name="path.separator" value=";"/>
    <property name="os.version" value="10.0"/>
    <property name="java.runtime.name" value="Java(TM) SE Runtime Environment"/>
    <property name="file.encoding" value="UTF-8"/>
    <property name="java.vm.name" value="Java HotSpot(TM) 64-Bit Server VM"/>
    <property name="maven.ext.class.path" value="C:\Program Files\NetBeans-21\netbeans\java\maven-nblib\netbeans-eventspy.jar"/>
    <property name="localRepository" value="C:\Users\talha\.m2\repository"/>
    <property name="java.vendor.url.bug" value="https://bugreport.java.com/bugreport/"/>
    <property name="java.io.tmpdir" value="C:\Users\talha\AppData\Local\Temp\"/>
    <property name="java.version" value="21.0.2"/>
    <property name="user.dir" value="D:\Java Fiverr\Java Task 22\spreadsheetMarkerForStudents (3)\spreadsheetMarkerForStudents"/>
    <property name="os.arch" value="amd64"/>
    <property name="java.vm.specification.name" value="Java Virtual Machine Specification"/>
    <property name="sun.os.patch.level" value=""/>
    <property name="native.encoding" value="Cp1252"/>
    <property name="java.library.path" value="C:\Program Files\Java\jdk-21\bin;C:\Windows\Sun\Java\bin;C:\Windows\system32;C:\Windows;C:\Program Files\Common Files\Oracle\Java\javapath;C:\Program Files\Zulu\zulu-17\bin\;C:\Program Files (x86)\VMware\VMware Workstation\bin\;C:\Windows\system32;C:\Windows;C:\Windows\System32\Wbem;C:\Windows\System32\WindowsPowerShell\v1.0\;C:\Windows\System32\OpenSSH\;C:\Program Files\Git\cmd;C:\Users\talha\AppData\Local\Programs\Python\Python311;C:\MinGW\bin;C:\Program Files\Microsoft SQL Server\150\Tools\Binn\;C:\Program Files\Microsoft SQL Server\Client SDK\ODBC\170\Tools\Binn\;C:\Users\talha\AppData\Local\Programs\Python\Python311;C:\Program Files\Cloudflare\Cloudflare WARP\;C:\Program Files\Docker\Docker\resources\bin;C:\Program Files\nodejs\;C:\Program Files\dotnet\;C:\Program Files (x86)\Windows Kits\10\Windows Performance Toolkit\;C:\Program Files\MySQL\MySQL Shell 8.2\bin\;C:\Users\talha\AppData\Local\Microsoft\WindowsApps;C:\Users\talha\AppData\Local\Programs\Microsoft VS Code\bin;C:\Users\talha\AppData\Local\Programs\Python\Python38;C:\MinGW\bin;C:\Program Files\JetBrains\PyCharm 2023.3.3\bin;;C:\Users\talha\AppData\Roaming\npm;C:\Users\talha\.dotnet\tools;;C:\Program Files\JetBrains\IntelliJ IDEA Community Edition 2024.1.3\bin;;."/>
    <property name="java.vm.info" value="mixed mode, sharing"/>
    <property name="stderr.encoding" value="Cp1252"/>
    <property name="java.vendor" value="Oracle Corporation"/>
    <property name="java.vm.version" value="21.0.2+13-LTS-58"/>
    <property name="sun.io.unicode.encoding" value="UnicodeLittle"/>
    <property name="java.class.version" value="65.0"/>
  </properties>
  <testcase name="test_01_read" classname="edu.upc.etsetb.arqsoft.spreadsheet.marker.LoadTest" time="0.003">
    <system-out><![CDATA[
Testing load spreadsheet. Total value (over 10): 10.0

The spreadsheet shall be loaded from file . marker_save_test_ref.s2v10.0
	Checking A1:
		Error. The content of cell A1 should be 1.0, instead it is NaN; expected:<1.0> but was:<NaN>
	Checking B1:
		Error. The content of cell B1 should be 1+2, instead it is ; expected:<[1+2]> but was:<[]>
	Checking C1:
		Error. The content of cell C1 should be 10/(2+3), instead it is ; expected:<[10/(2+3)]> but was:<[]>
	Checking D1:
		Error. The content of cell D1 should be A1*10-5, instead it is ; expected:<[A1*10-5]> but was:<[]>
	Checking E1:
		Error. The content of cell E1 should be (A5*4)/(A2+A2), instead it is ; expected:<[(A5*4)/(A2+A2)]> but was:<[]>
	Checking F1:
		Error. The content of cell F1 should be 100/(A5+(A5*A5/5)), instead it is ; expected:<[100/(A5+(A5*A5/5))]> but was:<[]>
	Checking G1:
		Error. The content of cell G1 should be (A5*4)/(A2+A2)+SUMA(1;2;3;4;5), instead it is ; expected:<[(A5*4)/(A2+A2)+SUMA(1;2;3;4;5)]> but was:<[]>
	Checking H1:
		Error. The content of cell H1 should be (A5*4)/(A2+A2)+SUMA(A1;A2;3;4;5), instead it is ; expected:<[(A5*4)/(A2+A2)+SUMA(A1;A2;3;4;5)]> but was:<[]>
	Checking I1:
		Error. The content of cell I1 should be (A5*4)/(A2+A2)+SUMA(A1;A2;3;4;5;A6:A12), instead it is ; expected:<[(A5*4)/(A2+A2)+SUMA(A1;A2;3;4;5;A6:A12)]> but was:<[]>
	Checking J1:
		Error. The content of cell J1 should be (A5*4)/(A2+A2)+SUMA(A1;A2;3;4;5;A6:A12;MIN(A13:A20)), instead it is ; expected:<[(A5*4)/(A2+A2)+SUMA(A1;A2;3;4;5;A6:A12;MIN(A13:A20))]> but was:<[]>
	Checking K1:
	Checking A2:
		Error. The content of cell A2 should be 2.0, instead it is NaN; expected:<2.0> but was:<NaN>
	Checking B2:
		Error. The content of cell B2 should be 10.0, instead it is NaN; expected:<10.0> but was:<NaN>
	Checking C2:
	Checking D2:
	Checking E2:
	Checking F2:
	Checking G2:
	Checking H2:
	Checking I2:
	Checking J2:
	Checking K2:
	Checking A3:
		Error. The content of cell A3 should be 3.0, instead it is NaN; expected:<3.0> but was:<NaN>
	Checking B3:
	Checking C3:
		Error. The content of cell C3 should be 30.0, instead it is NaN; expected:<30.0> but was:<NaN>
	Checking D3:
	Checking E3:
	Checking F3:
	Checking G3:
	Checking H3:
	Checking I3:
	Checking J3:
	Checking K3:
	Checking A4:
		Error. The content of cell A4 should be 4.0, instead it is NaN; expected:<4.0> but was:<NaN>
	Checking B4:
	Checking C4:
	Checking D4:
		Error. The content of cell D4 should be 8.0, instead it is NaN; expected:<8.0> but was:<NaN>
	Checking E4:
	Checking F4:
	Checking G4:
	Checking H4:
	Checking I4:
	Checking J4:
	Checking K4:
	Checking A5:
		Error. The content of cell A5 should be 5.0, instead it is NaN; expected:<5.0> but was:<NaN>
	Checking B5:
	Checking C5:
	Checking D5:
	Checking E5:
		Error. The content of cell E5 should be 20.0, instead it is NaN; expected:<20.0> but was:<NaN>
	Checking F5:
	Checking G5:
	Checking H5:
	Checking I5:
	Checking J5:
	Checking K5:
	Checking A6:
		Error. The content of cell A6 should be 6.0, instead it is NaN; expected:<6.0> but was:<NaN>
	Checking B6:
	Checking C6:
	Checking D6:
	Checking E6:
	Checking F6:
		Error. The content of cell F6 should be 40.0, instead it is NaN; expected:<40.0> but was:<NaN>
	Checking G6:
	Checking H6:
	Checking I6:
	Checking J6:
	Checking K6:
	Checking A7:
	Checking B7:
	Checking C7:
	Checking D7:
	Checking E7:
	Checking F7:
	Checking G7:
	Checking H7:
	Checking I7:
	Checking J7:
	Checking K7:
		Puntos obtenidos: 7.403. Puntos acumulados: 7.403
]]></system-out>
  </testcase>
</testsuite>